2021/12/01 02:55:09 [notice] 16#16: APP_PROTECT { "event": "configuration_load_start", "configSetFile": "/opt/app_protect/config/config_set.json" }
2021/12/01 02:55:09 [notice] 16#16: APP_PROTECT policy 'app_protect_strict_policy' from: /etc/app_protect/conf/NginxStrictPolicy.json compiled successfully
2021/12/01 02:55:09 [notice] 16#16: APP_PROTECT policy 'app_protect_strict_policy' from: strict_policy compiled successfully
2021/12/01 02:55:09 [notice] 16#16: APP_PROTECT policy 'app_protect_default_policy' from: /etc/app_protect/conf/NginxDefaultPolicy.json compiled successfully
2021/12/01 02:55:09 [notice] 16#16: APP_PROTECT policy 'app_protect_default_policy' from: default_policy compiled successfully
2021/12/01 02:55:09 [notice] 16#16: APP_PROTECT { "event": "configuration_load_success", "software_version": "3.671.0", "attack_signatures_package":{"revision_datetime":"2021-11-16T18:59:01Z","version":"2021.11.16"},"user_signatures_packages":[],"threat_campaigns_package":{"revision_datetime":"2021-11-17T18:15:34Z","version":"2021.11.17"},"completed_successfully":true}
2021/12/01 02:55:09 [notice] 16#16: using the "epoll" event method
2021/12/01 02:55:09 [notice] 16#16: nginx/1.21.3 (nginx-plus-r25)
2021/12/01 02:55:09 [notice] 16#16: built by gcc 7.5.0 (Ubuntu 7.5.0-3ubuntu1~18.04) 
2021/12/01 02:55:09 [notice] 16#16: OS: Linux 5.10.47-linuxkit
2021/12/01 02:55:09 [notice] 16#16: getrlimit(RLIMIT_NOFILE): 1048576:1048576
2021/12/01 02:55:09 [notice] 16#16: start worker processes
2021/12/01 02:55:09 [notice] 16#16: start worker process 34
2021/12/01 02:55:09 [notice] 16#16: start worker process 35
2021/12/01 02:55:09 [notice] 16#16: start worker process 37
2021/12/01 02:55:09 [notice] 16#16: start worker process 40
2021/12/01 02:55:09 [notice] 16#16: start worker process 41
2021/12/01 02:55:09 [notice] 16#16: start worker process 42
2021/12/01 02:55:29 [notice] 34#34: APP_PROTECT { "event": "waf_connected", "enforcer_thread_id": 0, "worker_pid": 34, "mode": "operational", "mode_changed": false}
2021/12/01 02:55:29 [notice] 35#35: APP_PROTECT { "event": "waf_connected", "enforcer_thread_id": 1, "worker_pid": 35, "mode": "operational", "mode_changed": false}
2021/12/01 02:55:29 [notice] 37#37: APP_PROTECT { "event": "waf_connected", "enforcer_thread_id": 2, "worker_pid": 37, "mode": "operational", "mode_changed": false}
2021/12/01 02:55:29 [notice] 40#40: APP_PROTECT { "event": "waf_connected", "enforcer_thread_id": 3, "worker_pid": 40, "mode": "operational", "mode_changed": false}
2021/12/01 02:55:29 [notice] 41#41: APP_PROTECT { "event": "waf_connected", "enforcer_thread_id": 4, "worker_pid": 41, "mode": "operational", "mode_changed": false}
2021/12/01 02:55:29 [notice] 42#42: APP_PROTECT { "event": "waf_connected", "enforcer_thread_id": 5, "worker_pid": 42, "mode": "operational", "mode_changed": false}
2021/12/01 02:56:00 [notice] 14#14: APP_PROTECT { "event": "configuration_load_start", "configSetFile": "/opt/app_protect/config/config_set.json" }
2021/12/01 02:56:00 [notice] 14#14: APP_PROTECT policy 'app_protect_strict_policy' from: /etc/app_protect/conf/NginxStrictPolicy.json compiled successfully
2021/12/01 02:56:00 [notice] 14#14: APP_PROTECT policy 'app_protect_strict_policy' from: strict_policy compiled successfully
2021/12/01 02:56:00 [notice] 14#14: APP_PROTECT policy 'app_protect_default_policy' from: /etc/app_protect/conf/NginxDefaultPolicy.json compiled successfully
2021/12/01 02:56:00 [notice] 14#14: APP_PROTECT policy 'app_protect_default_policy' from: default_policy compiled successfully
2021/12/01 02:56:00 [notice] 14#14: APP_PROTECT { "event": "configuration_load_success", "software_version": "3.671.0", "attack_signatures_package":{"revision_datetime":"2021-11-16T18:59:01Z","version":"2021.11.16"},"threat_campaigns_package":{"version":"2021.11.17","revision_datetime":"2021-11-17T18:15:34Z"},"user_signatures_packages":[],"completed_successfully":true}
2021/12/01 02:56:00 [notice] 14#14: using the "epoll" event method
2021/12/01 02:56:00 [notice] 14#14: nginx/1.21.3 (nginx-plus-r25)
2021/12/01 02:56:00 [notice] 14#14: built by gcc 7.5.0 (Ubuntu 7.5.0-3ubuntu1~18.04) 
2021/12/01 02:56:00 [notice] 14#14: OS: Linux 5.10.47-linuxkit
2021/12/01 02:56:00 [notice] 14#14: getrlimit(RLIMIT_NOFILE): 1048576:1048576
2021/12/01 02:56:00 [notice] 14#14: start worker processes
2021/12/01 02:56:00 [notice] 14#14: start worker process 21
2021/12/01 02:56:00 [error] 21#21: connect() to unix:/opt/app_protect/pipe/app_protect_plugin_socket failed (111: Connection refused)
2021/12/01 02:56:00 [warn] 21#21: APP_PROTECT connection declined setting timer
2021/12/01 02:56:00 [error] 21#21: APP_PROTECT setting reconnect timer
2021/12/01 02:56:00 [notice] 14#14: start worker process 22
2021/12/01 02:56:00 [error] 22#22: connect() to unix:/opt/app_protect/pipe/app_protect_plugin_socket failed (111: Connection refused)
2021/12/01 02:56:00 [warn] 22#22: APP_PROTECT connection declined setting timer
2021/12/01 02:56:00 [notice] 14#14: start worker process 23
2021/12/01 02:56:00 [error] 23#23: connect() to unix:/opt/app_protect/pipe/app_protect_plugin_socket failed (111: Connection refused)
2021/12/01 02:56:00 [warn] 23#23: APP_PROTECT connection declined setting timer
2021/12/01 02:56:00 [error] 22#22: APP_PROTECT setting reconnect timer
2021/12/01 02:56:00 [notice] 14#14: start worker process 24
2021/12/01 02:56:00 [error] 24#24: connect() to unix:/opt/app_protect/pipe/app_protect_plugin_socket failed (111: Connection refused)
2021/12/01 02:56:00 [warn] 24#24: APP_PROTECT connection declined setting timer
2021/12/01 02:56:00 [error] 23#23: APP_PROTECT setting reconnect timer
2021/12/01 02:56:00 [notice] 14#14: start worker process 25
2021/12/01 02:56:00 [error] 24#24: APP_PROTECT setting reconnect timer
2021/12/01 02:56:00 [error] 25#25: connect() to unix:/opt/app_protect/pipe/app_protect_plugin_socket failed (111: Connection refused)
2021/12/01 02:56:00 [notice] 14#14: start worker process 26
2021/12/01 02:56:00 [warn] 25#25: APP_PROTECT connection declined setting timer
2021/12/01 02:56:00 [error] 25#25: APP_PROTECT setting reconnect timer
2021/12/01 02:56:00 [error] 26#26: connect() to unix:/opt/app_protect/pipe/app_protect_plugin_socket failed (111: Connection refused)
2021/12/01 02:56:00 [warn] 26#26: APP_PROTECT connection declined setting timer
2021/12/01 02:56:00 [error] 26#26: APP_PROTECT setting reconnect timer
2021/12/01 02:56:05 [notice] 25#25: APP_PROTECT { "event": "waf_connected", "enforcer_thread_id": 0, "worker_pid": 25, "mode": "operational", "mode_changed": false}
2021/12/01 02:56:05 [notice] 22#22: APP_PROTECT { "event": "waf_connected", "enforcer_thread_id": 2, "worker_pid": 22, "mode": "operational", "mode_changed": false}
2021/12/01 02:56:05 [notice] 21#21: APP_PROTECT { "event": "waf_connected", "enforcer_thread_id": 1, "worker_pid": 21, "mode": "operational", "mode_changed": false}
2021/12/01 02:56:05 [notice] 23#23: APP_PROTECT { "event": "waf_connected", "enforcer_thread_id": 3, "worker_pid": 23, "mode": "operational", "mode_changed": false}
2021/12/01 02:56:05 [notice] 24#24: APP_PROTECT { "event": "waf_connected", "enforcer_thread_id": 4, "worker_pid": 24, "mode": "operational", "mode_changed": false}
2021/12/01 02:56:05 [notice] 26#26: APP_PROTECT { "event": "waf_connected", "enforcer_thread_id": 5, "worker_pid": 26, "mode": "operational", "mode_changed": false}
2021/12/01 02:56:49 [notice] 14#14: APP_PROTECT { "event": "configuration_load_start", "configSetFile": "/opt/app_protect/config/config_set.json" }
2021/12/01 02:57:25 [notice] 15#15: APP_PROTECT { "event": "configuration_load_start", "configSetFile": "/opt/app_protect/config/config_set.json" }
2021/12/01 02:57:25 [notice] 15#15: APP_PROTECT policy 'app_protect_strict_policy' from: /etc/app_protect/conf/NginxStrictPolicy.json compiled successfully
2021/12/01 02:57:25 [notice] 15#15: APP_PROTECT policy 'app_protect_strict_policy' from: strict_policy compiled successfully
2021/12/01 02:57:25 [notice] 15#15: APP_PROTECT policy 'app_protect_default_policy' from: /etc/app_protect/conf/NginxDefaultPolicy.json compiled successfully
2021/12/01 02:57:25 [notice] 15#15: APP_PROTECT policy 'app_protect_default_policy' from: default_policy compiled successfully
2021/12/01 02:57:25 [notice] 15#15: APP_PROTECT { "event": "configuration_load_success", "software_version": "3.671.0", "user_signatures_packages":[],"completed_successfully":true,"attack_signatures_package":{"version":"2021.11.16","revision_datetime":"2021-11-16T18:59:01Z"},"threat_campaigns_package":{"revision_datetime":"2021-11-17T18:15:34Z","version":"2021.11.17"}}
2021/12/01 02:57:25 [notice] 15#15: using the "epoll" event method
2021/12/01 02:57:25 [notice] 15#15: nginx/1.21.3 (nginx-plus-r25)
2021/12/01 02:57:25 [notice] 15#15: built by gcc 7.5.0 (Ubuntu 7.5.0-3ubuntu1~18.04) 
2021/12/01 02:57:25 [notice] 15#15: OS: Linux 5.10.47-linuxkit
2021/12/01 02:57:25 [notice] 15#15: getrlimit(RLIMIT_NOFILE): 1048576:1048576
2021/12/01 02:57:25 [notice] 15#15: start worker processes
2021/12/01 02:57:25 [notice] 15#15: start worker process 40
2021/12/01 02:57:25 [notice] 15#15: start worker process 42
2021/12/01 02:57:25 [notice] 15#15: start worker process 43
2021/12/01 02:57:43 [notice] 40#40: APP_PROTECT { "event": "waf_connected", "enforcer_thread_id": 0, "worker_pid": 40, "mode": "operational", "mode_changed": false}
2021/12/01 02:57:43 [notice] 43#43: APP_PROTECT { "event": "waf_connected", "enforcer_thread_id": 2, "worker_pid": 43, "mode": "operational", "mode_changed": false}
2021/12/01 02:57:25 [notice] 15#15: start worker process 45
2021/12/01 02:57:25 [notice] 15#15: start worker process 47
2021/12/01 02:57:43 [notice] 42#42: APP_PROTECT { "event": "waf_connected", "enforcer_thread_id": 1, "worker_pid": 42, "mode": "operational", "mode_changed": false}
2021/12/01 02:57:25 [notice] 15#15: start worker process 48
2021/12/01 02:57:43 [notice] 45#45: APP_PROTECT { "event": "waf_connected", "enforcer_thread_id": 3, "worker_pid": 45, "mode": "operational", "mode_changed": false}
2021/12/01 02:57:43 [notice] 47#47: APP_PROTECT { "event": "waf_connected", "enforcer_thread_id": 4, "worker_pid": 47, "mode": "operational", "mode_changed": false}
2021/12/01 02:57:43 [notice] 48#48: APP_PROTECT { "event": "waf_connected", "enforcer_thread_id": 5, "worker_pid": 48, "mode": "operational", "mode_changed": false}
2021/12/01 03:18:50 [notice] 64#64: signal process started
2021/12/01 03:18:51 [notice] 15#15: signal 1 (SIGHUP) received from 64, reconfiguring
2021/12/01 03:18:51 [notice] 15#15: reconfiguring
2021/12/01 03:18:51 [notice] 15#15: APP_PROTECT { "event": "configuration_load_start", "configSetFile": "/opt/app_protect/config/config_set.json" }
2021/12/01 03:18:51 [notice] 15#15: APP_PROTECT policy 'app_protect_strict_policy' from: /etc/app_protect/conf/NginxStrictPolicy.json compiled successfully
2021/12/01 03:18:51 [notice] 15#15: APP_PROTECT policy 'app_protect_strict_policy' from: strict_policy compiled successfully
2021/12/01 03:18:51 [notice] 15#15: APP_PROTECT policy 'app_protect_default_policy' from: /etc/app_protect/conf/NginxDefaultPolicy.json compiled successfully
2021/12/01 03:18:51 [notice] 15#15: APP_PROTECT policy 'app_protect_default_policy' from: default_policy compiled successfully
2021/12/01 03:18:51 [notice] 15#15: APP_PROTECT { "event": "configuration_load_success", "software_version": "3.671.0", "attack_signatures_package":{"version":"2021.11.16","revision_datetime":"2021-11-16T18:59:01Z"},"user_signatures_packages":[],"threat_campaigns_package":{"version":"2021.11.17","revision_datetime":"2021-11-17T18:15:34Z"},"completed_successfully":true}
2021/12/01 03:18:51 [notice] 15#15: using the "epoll" event method
2021/12/01 03:18:51 [notice] 15#15: start worker processes
2021/12/01 03:18:51 [notice] 15#15: start worker process 75
2021/12/01 03:18:51 [notice] 15#15: start worker process 76
2021/12/01 03:18:51 [notice] 15#15: start worker process 77
2021/12/01 03:18:51 [notice] 15#15: start worker process 78
2021/12/01 03:18:51 [notice] 15#15: start worker process 79
2021/12/01 03:18:51 [notice] 15#15: start worker process 80
2021/12/01 03:18:51 [notice] 76#76: APP_PROTECT { "event": "waf_connected", "enforcer_thread_id": 7, "worker_pid": 76, "mode": "operational", "mode_changed": false}
2021/12/01 03:18:51 [notice] 75#75: APP_PROTECT { "event": "waf_connected", "enforcer_thread_id": 6, "worker_pid": 75, "mode": "operational", "mode_changed": false}
2021/12/01 03:18:51 [notice] 77#77: APP_PROTECT { "event": "waf_connected", "enforcer_thread_id": 8, "worker_pid": 77, "mode": "operational", "mode_changed": false}
2021/12/01 03:18:51 [notice] 78#78: APP_PROTECT { "event": "waf_connected", "enforcer_thread_id": 9, "worker_pid": 78, "mode": "operational", "mode_changed": false}
2021/12/01 03:18:51 [notice] 79#79: APP_PROTECT { "event": "waf_connected", "enforcer_thread_id": 10, "worker_pid": 79, "mode": "operational", "mode_changed": false}
2021/12/01 03:18:51 [notice] 80#80: APP_PROTECT { "event": "waf_connected", "enforcer_thread_id": 11, "worker_pid": 80, "mode": "operational", "mode_changed": false}
2021/12/01 03:18:51 [notice] 40#40: gracefully shutting down
2021/12/01 03:18:51 [notice] 40#40: exiting
2021/12/01 03:18:51 [notice] 15#15: signal 17 (SIGCHLD) received from 70
2021/12/01 03:18:51 [notice] 45#45: gracefully shutting down
2021/12/01 03:18:51 [notice] 45#45: exiting
2021/12/01 03:18:51 [notice] 43#43: gracefully shutting down
2021/12/01 03:18:51 [notice] 43#43: exiting
2021/12/01 03:18:51 [notice] 47#47: gracefully shutting down
2021/12/01 03:18:51 [notice] 47#47: exiting
2021/12/01 03:18:51 [notice] 42#42: gracefully shutting down
2021/12/01 03:18:51 [notice] 42#42: exiting
2021/12/01 03:18:51 [notice] 48#48: gracefully shutting down
2021/12/01 03:18:51 [notice] 48#48: exiting
2021/12/01 03:18:51 [notice] 40#40: APP_PROTECT { "event": "waf_disconnected", "enforcer_thread_id": 0, "worker_pid": 40, "mode": "operational", "mode_changed": false}
2021/12/01 03:18:51 [notice] 45#45: APP_PROTECT { "event": "waf_disconnected", "enforcer_thread_id": 3, "worker_pid": 45, "mode": "operational", "mode_changed": false}
2021/12/01 03:18:51 [notice] 43#43: APP_PROTECT { "event": "waf_disconnected", "enforcer_thread_id": 2, "worker_pid": 43, "mode": "operational", "mode_changed": false}
2021/12/01 03:18:51 [notice] 47#47: APP_PROTECT { "event": "waf_disconnected", "enforcer_thread_id": 4, "worker_pid": 47, "mode": "operational", "mode_changed": false}
2021/12/01 03:18:51 [notice] 43#43: exit
2021/12/01 03:18:51 [notice] 42#42: APP_PROTECT { "event": "waf_disconnected", "enforcer_thread_id": 1, "worker_pid": 42, "mode": "operational", "mode_changed": false}
2021/12/01 03:18:51 [notice] 48#48: APP_PROTECT { "event": "waf_disconnected", "enforcer_thread_id": 5, "worker_pid": 48, "mode": "operational", "mode_changed": false}
2021/12/01 03:18:51 [notice] 40#40: exit
2021/12/01 03:18:51 [notice] 45#45: exit
2021/12/01 03:18:51 [notice] 47#47: exit
2021/12/01 03:18:51 [notice] 42#42: exit
2021/12/01 03:18:51 [notice] 48#48: exit
2021/12/01 03:18:51 [notice] 15#15: signal 17 (SIGCHLD) received from 48
2021/12/01 03:18:51 [notice] 15#15: worker process 48 exited with code 0
2021/12/01 03:18:51 [notice] 15#15: signal 29 (SIGIO) received
2021/12/01 03:18:51 [notice] 15#15: signal 17 (SIGCHLD) received from 43
2021/12/01 03:18:51 [notice] 15#15: worker process 43 exited with code 0
2021/12/01 03:18:51 [notice] 15#15: signal 29 (SIGIO) received
2021/12/01 03:18:51 [notice] 15#15: signal 17 (SIGCHLD) received from 40
2021/12/01 03:18:51 [notice] 15#15: worker process 40 exited with code 0
2021/12/01 03:18:51 [notice] 15#15: worker process 47 exited with code 0
2021/12/01 03:18:51 [notice] 15#15: signal 29 (SIGIO) received
2021/12/01 03:18:51 [notice] 15#15: signal 17 (SIGCHLD) received from 47
2021/12/01 03:18:51 [notice] 15#15: worker process 42 exited with code 0
2021/12/01 03:18:51 [notice] 15#15: worker process 45 exited with code 0
2021/12/01 03:18:51 [notice] 15#15: signal 29 (SIGIO) received
2021/12/01 03:26:00 [notice] 14#14: APP_PROTECT { "event": "configuration_load_start", "configSetFile": "/opt/app_protect/config/config_set.json" }
2021/12/01 03:26:27 [notice] 14#14: APP_PROTECT { "event": "configuration_load_start", "configSetFile": "/opt/app_protect/config/config_set.json" }
2021/12/01 03:26:27 [notice] 14#14: APP_PROTECT policy 'app_protect_strict_policy' from: /etc/app_protect/conf/NginxStrictPolicy.json compiled successfully
2021/12/01 03:26:27 [notice] 14#14: APP_PROTECT policy 'app_protect_strict_policy' from: strict_policy compiled successfully
2021/12/01 03:26:27 [notice] 14#14: APP_PROTECT policy 'app_protect_default_policy' from: /etc/app_protect/conf/NginxDefaultPolicy.json compiled successfully
2021/12/01 03:26:27 [notice] 14#14: APP_PROTECT policy 'app_protect_default_policy' from: default_policy compiled successfully
2021/12/01 03:26:27 [notice] 14#14: APP_PROTECT { "event": "configuration_load_success", "software_version": "3.671.0", "attack_signatures_package":{"version":"2021.11.16","revision_datetime":"2021-11-16T18:59:01Z"},"user_signatures_packages":[],"completed_successfully":true,"threat_campaigns_package":{"revision_datetime":"2021-11-17T18:15:34Z","version":"2021.11.17"}}
2021/12/01 03:26:27 [notice] 14#14: using the "epoll" event method
2021/12/01 03:26:27 [notice] 14#14: nginx/1.21.3 (nginx-plus-r25)
2021/12/01 03:26:27 [notice] 14#14: built by gcc 7.5.0 (Ubuntu 7.5.0-3ubuntu1~18.04) 
2021/12/01 03:26:27 [notice] 14#14: OS: Linux 5.10.47-linuxkit
2021/12/01 03:26:27 [notice] 14#14: getrlimit(RLIMIT_NOFILE): 1048576:1048576
2021/12/01 03:26:27 [notice] 14#14: start worker processes
2021/12/01 03:26:27 [notice] 14#14: start worker process 32
2021/12/01 03:26:27 [notice] 14#14: start worker process 33
2021/12/01 03:26:27 [notice] 14#14: start worker process 35
2021/12/01 03:26:27 [notice] 14#14: start worker process 38
2021/12/01 03:26:46 [notice] 32#32: APP_PROTECT { "event": "waf_connected", "enforcer_thread_id": 0, "worker_pid": 32, "mode": "operational", "mode_changed": false}
2021/12/01 03:26:46 [notice] 33#33: APP_PROTECT { "event": "waf_connected", "enforcer_thread_id": 1, "worker_pid": 33, "mode": "operational", "mode_changed": false}
2021/12/01 03:26:46 [notice] 35#35: APP_PROTECT { "event": "waf_connected", "enforcer_thread_id": 2, "worker_pid": 35, "mode": "operational", "mode_changed": false}
2021/12/01 03:26:27 [notice] 14#14: start worker process 39
2021/12/01 03:26:27 [notice] 14#14: start worker process 40
2021/12/01 03:26:46 [notice] 38#38: APP_PROTECT { "event": "waf_connected", "enforcer_thread_id": 3, "worker_pid": 38, "mode": "operational", "mode_changed": false}
2021/12/01 03:26:46 [notice] 40#40: APP_PROTECT { "event": "waf_connected", "enforcer_thread_id": 5, "worker_pid": 40, "mode": "operational", "mode_changed": false}
2021/12/01 03:26:46 [notice] 39#39: APP_PROTECT { "event": "waf_connected", "enforcer_thread_id": 4, "worker_pid": 39, "mode": "operational", "mode_changed": false}
2021/12/01 03:28:28 [notice] 14#14: APP_PROTECT { "event": "configuration_load_start", "configSetFile": "/opt/app_protect/config/config_set.json" }
2021/12/01 03:28:28 [notice] 14#14: APP_PROTECT policy 'app_protect_strict_policy' from: /etc/app_protect/conf/NginxStrictPolicy.json compiled successfully
2021/12/01 03:28:28 [notice] 14#14: APP_PROTECT policy 'app_protect_strict_policy' from: strict_policy compiled successfully
2021/12/01 03:28:28 [notice] 14#14: APP_PROTECT policy 'app_protect_default_policy' from: /etc/app_protect/conf/NginxDefaultPolicy.json compiled successfully
2021/12/01 03:28:28 [notice] 14#14: APP_PROTECT policy 'app_protect_default_policy' from: default_policy compiled successfully
2021/12/01 03:28:28 [notice] 14#14: APP_PROTECT { "event": "configuration_load_success", "software_version": "3.671.0", "completed_successfully":true,"user_signatures_packages":[],"attack_signatures_package":{"version":"2021.11.16","revision_datetime":"2021-11-16T18:59:01Z"},"threat_campaigns_package":{"version":"2021.11.17","revision_datetime":"2021-11-17T18:15:34Z"}}
2021/12/01 03:28:28 [notice] 14#14: using the "epoll" event method
2021/12/01 03:28:28 [notice] 14#14: nginx/1.21.3 (nginx-plus-r25)
2021/12/01 03:28:28 [notice] 14#14: built by gcc 7.5.0 (Ubuntu 7.5.0-3ubuntu1~18.04) 
2021/12/01 03:28:28 [notice] 14#14: OS: Linux 5.10.47-linuxkit
2021/12/01 03:28:28 [notice] 14#14: getrlimit(RLIMIT_NOFILE): 1048576:1048576
2021/12/01 03:28:28 [notice] 14#14: start worker processes
2021/12/01 03:28:28 [notice] 14#14: start worker process 46
2021/12/01 03:28:28 [notice] 14#14: start worker process 48
2021/12/01 03:28:28 [notice] 14#14: start worker process 50
2021/12/01 03:28:47 [notice] 46#46: APP_PROTECT { "event": "waf_connected", "enforcer_thread_id": 0, "worker_pid": 46, "mode": "operational", "mode_changed": false}
2021/12/01 03:28:28 [notice] 14#14: start worker process 52
2021/12/01 03:28:47 [notice] 48#48: APP_PROTECT { "event": "waf_connected", "enforcer_thread_id": 1, "worker_pid": 48, "mode": "operational", "mode_changed": false}
2021/12/01 03:28:28 [notice] 14#14: start worker process 53
2021/12/01 03:28:28 [notice] 14#14: start worker process 54
2021/12/01 03:28:47 [notice] 50#50: APP_PROTECT { "event": "waf_connected", "enforcer_thread_id": 2, "worker_pid": 50, "mode": "operational", "mode_changed": false}
2021/12/01 03:28:47 [notice] 52#52: APP_PROTECT { "event": "waf_connected", "enforcer_thread_id": 3, "worker_pid": 52, "mode": "operational", "mode_changed": false}
2021/12/01 03:28:47 [notice] 53#53: APP_PROTECT { "event": "waf_connected", "enforcer_thread_id": 4, "worker_pid": 53, "mode": "operational", "mode_changed": false}
2021/12/01 03:28:47 [notice] 54#54: APP_PROTECT { "event": "waf_connected", "enforcer_thread_id": 5, "worker_pid": 54, "mode": "operational", "mode_changed": false}
2021/12/01 03:29:39 [notice] 14#14: APP_PROTECT { "event": "configuration_load_start", "configSetFile": "/opt/app_protect/config/config_set.json" }
2021/12/01 03:29:39 [notice] 14#14: APP_PROTECT policy 'app_protect_strict_policy' from: /etc/app_protect/conf/NginxStrictPolicy.json compiled successfully
2021/12/01 03:29:39 [notice] 14#14: APP_PROTECT policy 'app_protect_strict_policy' from: strict_policy compiled successfully
2021/12/01 03:29:39 [notice] 14#14: APP_PROTECT policy 'app_protect_default_policy' from: /etc/app_protect/conf/NginxDefaultPolicy.json compiled successfully
2021/12/01 03:29:39 [notice] 14#14: APP_PROTECT policy 'app_protect_default_policy' from: default_policy compiled successfully
2021/12/01 03:29:39 [notice] 14#14: APP_PROTECT { "event": "configuration_load_success", "software_version": "3.671.0", "completed_successfully":true,"attack_signatures_package":{"version":"2021.11.16","revision_datetime":"2021-11-16T18:59:01Z"},"user_signatures_packages":[],"threat_campaigns_package":{"revision_datetime":"2021-11-17T18:15:34Z","version":"2021.11.17"}}
2021/12/01 03:29:39 [notice] 14#14: using the "epoll" event method
2021/12/01 03:29:39 [notice] 14#14: nginx/1.21.3 (nginx-plus-r25)
2021/12/01 03:29:39 [notice] 14#14: built by gcc 7.5.0 (Ubuntu 7.5.0-3ubuntu1~18.04) 
2021/12/01 03:29:39 [notice] 14#14: OS: Linux 5.10.47-linuxkit
2021/12/01 03:29:39 [notice] 14#14: getrlimit(RLIMIT_NOFILE): 1048576:1048576
2021/12/01 03:29:39 [notice] 14#14: start worker processes
2021/12/01 03:29:39 [notice] 14#14: start worker process 21
2021/12/01 03:29:39 [error] 21#21: connect() to unix:/opt/app_protect/pipe/app_protect_plugin_socket failed (111: Connection refused)
2021/12/01 03:29:39 [warn] 21#21: APP_PROTECT connection declined setting timer
2021/12/01 03:29:39 [notice] 14#14: start worker process 22
2021/12/01 03:29:39 [error] 21#21: APP_PROTECT setting reconnect timer
2021/12/01 03:29:39 [error] 22#22: connect() to unix:/opt/app_protect/pipe/app_protect_plugin_socket failed (111: Connection refused)
2021/12/01 03:29:39 [warn] 22#22: APP_PROTECT connection declined setting timer
2021/12/01 03:29:39 [notice] 14#14: start worker process 23
2021/12/01 03:29:39 [error] 23#23: connect() to unix:/opt/app_protect/pipe/app_protect_plugin_socket failed (111: Connection refused)
2021/12/01 03:29:39 [warn] 23#23: APP_PROTECT connection declined setting timer
2021/12/01 03:29:39 [error] 22#22: APP_PROTECT setting reconnect timer
2021/12/01 03:29:39 [notice] 14#14: start worker process 24
2021/12/01 03:29:39 [error] 24#24: connect() to unix:/opt/app_protect/pipe/app_protect_plugin_socket failed (111: Connection refused)
2021/12/01 03:29:39 [warn] 24#24: APP_PROTECT connection declined setting timer
2021/12/01 03:29:39 [error] 23#23: APP_PROTECT setting reconnect timer
2021/12/01 03:29:39 [notice] 14#14: start worker process 25
2021/12/01 03:29:39 [error] 25#25: connect() to unix:/opt/app_protect/pipe/app_protect_plugin_socket failed (111: Connection refused)
2021/12/01 03:29:39 [warn] 25#25: APP_PROTECT connection declined setting timer
2021/12/01 03:29:39 [error] 24#24: APP_PROTECT setting reconnect timer
2021/12/01 03:29:39 [notice] 14#14: start worker process 26
2021/12/01 03:29:39 [error] 26#26: connect() to unix:/opt/app_protect/pipe/app_protect_plugin_socket failed (111: Connection refused)
2021/12/01 03:29:39 [warn] 26#26: APP_PROTECT connection declined setting timer
2021/12/01 03:29:39 [error] 25#25: APP_PROTECT setting reconnect timer
2021/12/01 03:29:39 [error] 26#26: APP_PROTECT setting reconnect timer
2021/12/01 03:29:44 [notice] 25#25: APP_PROTECT { "event": "waf_connected", "enforcer_thread_id": 1, "worker_pid": 25, "mode": "operational", "mode_changed": false}
2021/12/01 03:29:44 [notice] 24#24: APP_PROTECT { "event": "waf_connected", "enforcer_thread_id": 0, "worker_pid": 24, "mode": "operational", "mode_changed": false}
2021/12/01 03:29:44 [notice] 21#21: APP_PROTECT { "event": "waf_connected", "enforcer_thread_id": 2, "worker_pid": 21, "mode": "operational", "mode_changed": false}
2021/12/01 03:29:44 [notice] 22#22: APP_PROTECT { "event": "waf_connected", "enforcer_thread_id": 3, "worker_pid": 22, "mode": "operational", "mode_changed": false}
2021/12/01 03:29:44 [notice] 23#23: APP_PROTECT { "event": "waf_connected", "enforcer_thread_id": 4, "worker_pid": 23, "mode": "operational", "mode_changed": false}
2021/12/01 03:29:44 [notice] 26#26: APP_PROTECT { "event": "waf_connected", "enforcer_thread_id": 5, "worker_pid": 26, "mode": "operational", "mode_changed": false}
2021/12/01 03:34:05 [notice] 14#14: APP_PROTECT { "event": "configuration_load_start", "configSetFile": "/opt/app_protect/config/config_set.json" }
2021/12/01 03:34:05 [notice] 14#14: APP_PROTECT policy 'app_protect_strict_policy' from: /etc/app_protect/conf/NginxStrictPolicy.json compiled successfully
2021/12/01 03:34:05 [notice] 14#14: APP_PROTECT policy 'app_protect_strict_policy' from: strict_policy compiled successfully
2021/12/01 03:34:05 [notice] 14#14: APP_PROTECT policy 'app_protect_default_policy' from: /etc/app_protect/conf/NginxDefaultPolicy.json compiled successfully
2021/12/01 03:34:05 [notice] 14#14: APP_PROTECT policy 'app_protect_default_policy' from: default_policy compiled successfully
2021/12/01 03:34:05 [notice] 14#14: APP_PROTECT { "event": "configuration_load_success", "software_version": "3.671.0", "completed_successfully":true,"user_signatures_packages":[],"attack_signatures_package":{"revision_datetime":"2021-11-16T18:59:01Z","version":"2021.11.16"},"threat_campaigns_package":{"version":"2021.11.17","revision_datetime":"2021-11-17T18:15:34Z"}}
2021/12/01 03:34:05 [notice] 14#14: using the "epoll" event method
2021/12/01 03:34:05 [notice] 14#14: nginx/1.21.3 (nginx-plus-r25)
2021/12/01 03:34:05 [notice] 14#14: built by gcc 7.5.0 (Ubuntu 7.5.0-3ubuntu1~18.04) 
2021/12/01 03:34:05 [notice] 14#14: OS: Linux 5.10.47-linuxkit
2021/12/01 03:34:05 [notice] 14#14: getrlimit(RLIMIT_NOFILE): 1048576:1048576
2021/12/01 03:34:05 [notice] 14#14: start worker processes
2021/12/01 03:34:05 [notice] 14#14: start worker process 32
2021/12/01 03:34:05 [notice] 14#14: start worker process 34
2021/12/01 03:34:26 [notice] 32#32: APP_PROTECT { "event": "waf_connected", "enforcer_thread_id": 0, "worker_pid": 32, "mode": "operational", "mode_changed": false}
2021/12/01 03:34:05 [notice] 14#14: start worker process 36
2021/12/01 03:34:26 [notice] 34#34: APP_PROTECT { "event": "waf_connected", "enforcer_thread_id": 1, "worker_pid": 34, "mode": "operational", "mode_changed": false}
2021/12/01 03:34:05 [notice] 14#14: start worker process 38
2021/12/01 03:34:05 [notice] 14#14: start worker process 39
2021/12/01 03:34:26 [notice] 36#36: APP_PROTECT { "event": "waf_connected", "enforcer_thread_id": 2, "worker_pid": 36, "mode": "operational", "mode_changed": false}
2021/12/01 03:34:05 [notice] 14#14: start worker process 40
2021/12/01 03:34:26 [notice] 39#39: APP_PROTECT { "event": "waf_connected", "enforcer_thread_id": 4, "worker_pid": 39, "mode": "operational", "mode_changed": false}
2021/12/01 03:34:26 [notice] 40#40: APP_PROTECT { "event": "waf_connected", "enforcer_thread_id": 5, "worker_pid": 40, "mode": "operational", "mode_changed": false}
2021/12/01 03:34:26 [notice] 38#38: APP_PROTECT { "event": "waf_connected", "enforcer_thread_id": 3, "worker_pid": 38, "mode": "operational", "mode_changed": false}
2021/12/01 03:34:30 [error] 34#34: *8 no resolver defined to resolve app, client: 172.20.0.1, server: , request: "GET / HTTP/1.1", host: "localhost"
2021/12/01 03:34:30 [error] 34#34: *8 no resolver defined to resolve app, client: 172.20.0.1, server: , request: "GET /favicon.ico HTTP/1.1", host: "localhost", referrer: "http://localhost/"
2021/12/01 03:44:35 [notice] 14#14: APP_PROTECT { "event": "configuration_load_start", "configSetFile": "/opt/app_protect/config/config_set.json" }
2021/12/01 03:44:35 [notice] 14#14: APP_PROTECT policy 'app_protect_strict_policy' from: /etc/app_protect/conf/NginxStrictPolicy.json compiled successfully
2021/12/01 03:44:35 [notice] 14#14: APP_PROTECT policy 'app_protect_strict_policy' from: strict_policy compiled successfully
2021/12/01 03:44:35 [notice] 14#14: APP_PROTECT policy 'app_protect_default_policy' from: /etc/app_protect/conf/NginxDefaultPolicy.json compiled successfully
2021/12/01 03:44:35 [notice] 14#14: APP_PROTECT policy 'app_protect_default_policy' from: default_policy compiled successfully
2021/12/01 03:44:35 [notice] 14#14: APP_PROTECT { "event": "configuration_load_success", "software_version": "3.671.0", "threat_campaigns_package":{"version":"2021.11.17","revision_datetime":"2021-11-17T18:15:34Z"},"attack_signatures_package":{"version":"2021.11.16","revision_datetime":"2021-11-16T18:59:01Z"},"user_signatures_packages":[],"completed_successfully":true}
2021/12/01 03:44:35 [notice] 14#14: using the "epoll" event method
2021/12/01 03:44:35 [notice] 14#14: nginx/1.21.3 (nginx-plus-r25)
2021/12/01 03:44:35 [notice] 14#14: built by gcc 7.5.0 (Ubuntu 7.5.0-3ubuntu1~18.04) 
2021/12/01 03:44:35 [notice] 14#14: OS: Linux 5.10.47-linuxkit
2021/12/01 03:44:35 [notice] 14#14: getrlimit(RLIMIT_NOFILE): 1048576:1048576
2021/12/01 03:44:35 [notice] 14#14: start worker processes
2021/12/01 03:44:35 [notice] 14#14: start worker process 21
2021/12/01 03:44:35 [error] 21#21: connect() to unix:/opt/app_protect/pipe/app_protect_plugin_socket failed (111: Connection refused)
2021/12/01 03:44:35 [warn] 21#21: APP_PROTECT connection declined setting timer
2021/12/01 03:44:35 [notice] 14#14: start worker process 22
2021/12/01 03:44:35 [error] 22#22: connect() to unix:/opt/app_protect/pipe/app_protect_plugin_socket failed (111: Connection refused)
2021/12/01 03:44:35 [warn] 22#22: APP_PROTECT connection declined setting timer
2021/12/01 03:44:35 [error] 21#21: APP_PROTECT setting reconnect timer
2021/12/01 03:44:35 [notice] 14#14: start worker process 23
2021/12/01 03:44:35 [error] 23#23: connect() to unix:/opt/app_protect/pipe/app_protect_plugin_socket failed (111: Connection refused)
2021/12/01 03:44:35 [warn] 23#23: APP_PROTECT connection declined setting timer
2021/12/01 03:44:35 [error] 22#22: APP_PROTECT setting reconnect timer
2021/12/01 03:44:35 [notice] 14#14: start worker process 24
2021/12/01 03:44:35 [error] 23#23: APP_PROTECT setting reconnect timer
2021/12/01 03:44:35 [error] 24#24: connect() to unix:/opt/app_protect/pipe/app_protect_plugin_socket failed (111: Connection refused)
2021/12/01 03:44:35 [warn] 24#24: APP_PROTECT connection declined setting timer
2021/12/01 03:44:35 [notice] 14#14: start worker process 25
2021/12/01 03:44:35 [error] 25#25: connect() to unix:/opt/app_protect/pipe/app_protect_plugin_socket failed (111: Connection refused)
2021/12/01 03:44:35 [warn] 25#25: APP_PROTECT connection declined setting timer
2021/12/01 03:44:35 [error] 24#24: APP_PROTECT setting reconnect timer
2021/12/01 03:44:35 [notice] 14#14: start worker process 26
2021/12/01 03:44:35 [error] 26#26: connect() to unix:/opt/app_protect/pipe/app_protect_plugin_socket failed (111: Connection refused)
2021/12/01 03:44:35 [warn] 26#26: APP_PROTECT connection declined setting timer
2021/12/01 03:44:35 [error] 25#25: APP_PROTECT setting reconnect timer
2021/12/01 03:44:35 [error] 26#26: APP_PROTECT setting reconnect timer
2021/12/01 03:44:40 [notice] 21#21: APP_PROTECT { "event": "waf_connected", "enforcer_thread_id": 1, "worker_pid": 21, "mode": "operational", "mode_changed": false}
2021/12/01 03:44:40 [notice] 22#22: APP_PROTECT { "event": "waf_connected", "enforcer_thread_id": 0, "worker_pid": 22, "mode": "operational", "mode_changed": false}
2021/12/01 03:44:40 [notice] 23#23: APP_PROTECT { "event": "waf_connected", "enforcer_thread_id": 2, "worker_pid": 23, "mode": "operational", "mode_changed": false}
2021/12/01 03:44:40 [notice] 24#24: APP_PROTECT { "event": "waf_connected", "enforcer_thread_id": 3, "worker_pid": 24, "mode": "operational", "mode_changed": false}
2021/12/01 03:44:40 [notice] 25#25: APP_PROTECT { "event": "waf_connected", "enforcer_thread_id": 4, "worker_pid": 25, "mode": "operational", "mode_changed": false}
2021/12/01 03:44:40 [error] 21#21: *13 no resolver defined to resolve app, client: 172.20.0.1, server: , request: "GET / HTTP/1.1", host: "localhost"
2021/12/01 03:44:40 [notice] 26#26: APP_PROTECT { "event": "waf_connected", "enforcer_thread_id": 5, "worker_pid": 26, "mode": "operational", "mode_changed": false}
2021/12/01 03:44:40 [error] 21#21: *13 no resolver defined to resolve app, client: 172.20.0.1, server: , request: "GET /favicon.ico HTTP/1.1", host: "localhost", referrer: "http://localhost/"
2021/12/01 03:46:40 [notice] 14#14: APP_PROTECT { "event": "configuration_load_start", "configSetFile": "/opt/app_protect/config/config_set.json" }
2021/12/01 03:46:40 [notice] 14#14: APP_PROTECT policy 'app_protect_strict_policy' from: /etc/app_protect/conf/NginxStrictPolicy.json compiled successfully
2021/12/01 03:46:40 [notice] 14#14: APP_PROTECT policy 'app_protect_strict_policy' from: strict_policy compiled successfully
2021/12/01 03:46:40 [notice] 14#14: APP_PROTECT policy 'app_protect_default_policy' from: /etc/app_protect/conf/NginxDefaultPolicy.json compiled successfully
2021/12/01 03:46:40 [notice] 14#14: APP_PROTECT policy 'app_protect_default_policy' from: default_policy compiled successfully
2021/12/01 03:46:40 [notice] 14#14: APP_PROTECT { "event": "configuration_load_success", "software_version": "3.671.0", "attack_signatures_package":{"revision_datetime":"2021-11-16T18:59:01Z","version":"2021.11.16"},"user_signatures_packages":[],"threat_campaigns_package":{"version":"2021.11.17","revision_datetime":"2021-11-17T18:15:34Z"},"completed_successfully":true}
2021/12/01 03:46:40 [notice] 14#14: using the "epoll" event method
2021/12/01 03:46:40 [notice] 14#14: nginx/1.21.3 (nginx-plus-r25)
2021/12/01 03:46:40 [notice] 14#14: built by gcc 7.5.0 (Ubuntu 7.5.0-3ubuntu1~18.04) 
2021/12/01 03:46:40 [notice] 14#14: OS: Linux 5.10.47-linuxkit
2021/12/01 03:46:40 [notice] 14#14: getrlimit(RLIMIT_NOFILE): 1048576:1048576
2021/12/01 03:46:40 [notice] 14#14: start worker processes
2021/12/01 03:46:40 [notice] 14#14: start worker process 32
2021/12/01 03:46:40 [notice] 14#14: start worker process 34
2021/12/01 03:46:40 [notice] 14#14: start worker process 36
2021/12/01 03:47:00 [notice] 32#32: APP_PROTECT { "event": "waf_connected", "enforcer_thread_id": 0, "worker_pid": 32, "mode": "operational", "mode_changed": false}
2021/12/01 03:46:40 [notice] 14#14: start worker process 38
2021/12/01 03:46:40 [notice] 14#14: start worker process 39
2021/12/01 03:47:00 [notice] 36#36: APP_PROTECT { "event": "waf_connected", "enforcer_thread_id": 2, "worker_pid": 36, "mode": "operational", "mode_changed": false}
2021/12/01 03:46:40 [notice] 14#14: start worker process 40
2021/12/01 03:47:00 [notice] 34#34: APP_PROTECT { "event": "waf_connected", "enforcer_thread_id": 1, "worker_pid": 34, "mode": "operational", "mode_changed": false}
2021/12/01 03:47:00 [notice] 38#38: APP_PROTECT { "event": "waf_connected", "enforcer_thread_id": 3, "worker_pid": 38, "mode": "operational", "mode_changed": false}
2021/12/01 03:47:00 [notice] 40#40: APP_PROTECT { "event": "waf_connected", "enforcer_thread_id": 5, "worker_pid": 40, "mode": "operational", "mode_changed": false}
2021/12/01 03:47:00 [notice] 39#39: APP_PROTECT { "event": "waf_connected", "enforcer_thread_id": 4, "worker_pid": 39, "mode": "operational", "mode_changed": false}
2021/12/01 03:47:20 [error] 34#34: *7 no resolver defined to resolve app, client: 172.20.0.1, server: , request: "GET / HTTP/1.1", host: "localhost"
2021/12/01 03:47:21 [error] 34#34: *7 no resolver defined to resolve app, client: 172.20.0.1, server: , request: "GET /favicon.ico HTTP/1.1", host: "localhost", referrer: "http://localhost/"
2021/12/01 03:47:55 [error] 34#34: *7 no resolver defined to resolve app, client: 172.20.0.1, server: , request: "GET /off HTTP/1.1", host: "localhost"
2021/12/01 03:47:55 [error] 34#34: *7 no resolver defined to resolve app, client: 172.20.0.1, server: , request: "GET /favicon.ico HTTP/1.1", host: "localhost", referrer: "http://localhost/off"
2021/12/01 03:47:58 [error] 34#34: *7 no resolver defined to resolve app, client: 172.20.0.1, server: , request: "GET /off HTTP/1.1", host: "localhost"
2021/12/01 03:47:58 [error] 34#34: *7 no resolver defined to resolve app, client: 172.20.0.1, server: , request: "GET /favicon.ico HTTP/1.1", host: "localhost", referrer: "http://localhost/off"
2021/12/01 03:47:59 [error] 34#34: *7 no resolver defined to resolve app, client: 172.20.0.1, server: , request: "GET /off HTTP/1.1", host: "localhost"
2021/12/01 03:47:59 [error] 34#34: *7 no resolver defined to resolve app, client: 172.20.0.1, server: , request: "GET /favicon.ico HTTP/1.1", host: "localhost", referrer: "http://localhost/off"
2021/12/01 03:48:01 [error] 34#34: *7 no resolver defined to resolve app, client: 172.20.0.1, server: , request: "GET /off HTTP/1.1", host: "localhost"
2021/12/01 03:48:01 [error] 34#34: *7 no resolver defined to resolve app, client: 172.20.0.1, server: , request: "GET /favicon.ico HTTP/1.1", host: "localhost", referrer: "http://localhost/off"
2021/12/01 03:52:01 [notice] 14#14: APP_PROTECT { "event": "configuration_load_start", "configSetFile": "/opt/app_protect/config/config_set.json" }
2021/12/01 03:52:01 [notice] 14#14: APP_PROTECT policy 'app_protect_strict_policy' from: /etc/app_protect/conf/NginxStrictPolicy.json compiled successfully
2021/12/01 03:52:01 [notice] 14#14: APP_PROTECT policy 'app_protect_strict_policy' from: strict_policy compiled successfully
2021/12/01 03:52:01 [notice] 14#14: APP_PROTECT policy 'app_protect_default_policy' from: /etc/app_protect/conf/NginxDefaultPolicy.json compiled successfully
2021/12/01 03:52:01 [notice] 14#14: APP_PROTECT policy 'app_protect_default_policy' from: default_policy compiled successfully
2021/12/01 03:52:01 [notice] 14#14: APP_PROTECT { "event": "configuration_load_success", "software_version": "3.671.0", "user_signatures_packages":[],"threat_campaigns_package":{"revision_datetime":"2021-11-17T18:15:34Z","version":"2021.11.17"},"attack_signatures_package":{"revision_datetime":"2021-11-16T18:59:01Z","version":"2021.11.16"},"completed_successfully":true}
2021/12/01 03:52:01 [notice] 14#14: using the "epoll" event method
2021/12/01 03:52:01 [notice] 14#14: nginx/1.21.3 (nginx-plus-r25)
2021/12/01 03:52:01 [notice] 14#14: built by gcc 7.5.0 (Ubuntu 7.5.0-3ubuntu1~18.04) 
2021/12/01 03:52:01 [notice] 14#14: OS: Linux 5.10.47-linuxkit
2021/12/01 03:52:01 [notice] 14#14: getrlimit(RLIMIT_NOFILE): 1048576:1048576
2021/12/01 03:52:01 [notice] 14#14: start worker processes
2021/12/01 03:52:01 [notice] 14#14: start worker process 32
2021/12/01 03:52:01 [notice] 14#14: start worker process 34
2021/12/01 03:52:01 [notice] 14#14: start worker process 36
2021/12/01 03:52:01 [notice] 14#14: start worker process 37
2021/12/01 03:52:01 [notice] 14#14: start worker process 39
2021/12/01 03:52:01 [notice] 14#14: start worker process 40
2021/12/01 03:52:21 [notice] 32#32: APP_PROTECT { "event": "waf_connected", "enforcer_thread_id": 0, "worker_pid": 32, "mode": "operational", "mode_changed": false}
2021/12/01 03:52:21 [notice] 34#34: APP_PROTECT { "event": "waf_connected", "enforcer_thread_id": 1, "worker_pid": 34, "mode": "operational", "mode_changed": false}
2021/12/01 03:52:21 [notice] 36#36: APP_PROTECT { "event": "waf_connected", "enforcer_thread_id": 2, "worker_pid": 36, "mode": "operational", "mode_changed": false}
2021/12/01 03:52:21 [notice] 37#37: APP_PROTECT { "event": "waf_connected", "enforcer_thread_id": 3, "worker_pid": 37, "mode": "operational", "mode_changed": false}
2021/12/01 03:52:21 [notice] 39#39: APP_PROTECT { "event": "waf_connected", "enforcer_thread_id": 4, "worker_pid": 39, "mode": "operational", "mode_changed": false}
2021/12/01 03:52:21 [notice] 40#40: APP_PROTECT { "event": "waf_connected", "enforcer_thread_id": 5, "worker_pid": 40, "mode": "operational", "mode_changed": false}
2021/12/01 03:52:23 [error] 32#32: *8 no resolver defined to resolve boring, client: 172.20.0.1, server: , request: "GET / HTTP/1.1", host: "localhost"
2021/12/01 03:52:23 [error] 32#32: *8 no resolver defined to resolve boring, client: 172.20.0.1, server: , request: "GET /favicon.ico HTTP/1.1", host: "localhost", referrer: "http://localhost/"
2021/12/01 03:54:54 [notice] 54#54: signal process started
2021/12/01 03:54:54 [notice] 14#14: signal 1 (SIGHUP) received from 54, reconfiguring
2021/12/01 03:54:54 [notice] 14#14: reconfiguring
2021/12/01 03:54:54 [notice] 14#14: APP_PROTECT { "event": "configuration_load_start", "configSetFile": "/opt/app_protect/config/config_set.json" }
2021/12/01 03:54:54 [notice] 14#14: APP_PROTECT policy 'app_protect_strict_policy' from: /etc/app_protect/conf/NginxStrictPolicy.json compiled successfully
2021/12/01 03:54:54 [notice] 14#14: APP_PROTECT policy 'app_protect_strict_policy' from: strict_policy compiled successfully
2021/12/01 03:54:54 [notice] 14#14: APP_PROTECT policy 'app_protect_default_policy' from: /etc/app_protect/conf/NginxDefaultPolicy.json compiled successfully
2021/12/01 03:54:54 [notice] 14#14: APP_PROTECT policy 'app_protect_default_policy' from: default_policy compiled successfully
2021/12/01 03:54:54 [notice] 14#14: APP_PROTECT { "event": "configuration_load_success", "software_version": "3.671.0", "threat_campaigns_package":{"revision_datetime":"2021-11-17T18:15:34Z","version":"2021.11.17"},"attack_signatures_package":{"revision_datetime":"2021-11-16T18:59:01Z","version":"2021.11.16"},"completed_successfully":true,"user_signatures_packages":[]}
2021/12/01 03:54:54 [notice] 14#14: using the "epoll" event method
2021/12/01 03:54:54 [notice] 14#14: start worker processes
2021/12/01 03:54:54 [notice] 14#14: start worker process 65
2021/12/01 03:54:54 [notice] 14#14: start worker process 66
2021/12/01 03:54:54 [notice] 14#14: start worker process 67
2021/12/01 03:54:54 [notice] 14#14: start worker process 68
2021/12/01 03:54:54 [notice] 14#14: start worker process 69
2021/12/01 03:54:54 [notice] 14#14: start worker process 70
2021/12/01 03:54:55 [notice] 66#66: APP_PROTECT { "event": "waf_connected", "enforcer_thread_id": 7, "worker_pid": 66, "mode": "operational", "mode_changed": false}
2021/12/01 03:54:55 [notice] 67#67: APP_PROTECT { "event": "waf_connected", "enforcer_thread_id": 8, "worker_pid": 67, "mode": "operational", "mode_changed": false}
2021/12/01 03:54:55 [notice] 65#65: APP_PROTECT { "event": "waf_connected", "enforcer_thread_id": 6, "worker_pid": 65, "mode": "operational", "mode_changed": false}
2021/12/01 03:54:55 [notice] 68#68: APP_PROTECT { "event": "waf_connected", "enforcer_thread_id": 9, "worker_pid": 68, "mode": "operational", "mode_changed": false}
2021/12/01 03:54:55 [notice] 69#69: APP_PROTECT { "event": "waf_connected", "enforcer_thread_id": 10, "worker_pid": 69, "mode": "operational", "mode_changed": false}
2021/12/01 03:54:55 [notice] 70#70: APP_PROTECT { "event": "waf_connected", "enforcer_thread_id": 11, "worker_pid": 70, "mode": "operational", "mode_changed": false}
2021/12/01 03:54:55 [notice] 37#37: gracefully shutting down
2021/12/01 03:54:55 [notice] 14#14: signal 17 (SIGCHLD) received from 60
2021/12/01 03:54:55 [notice] 40#40: gracefully shutting down
2021/12/01 03:54:55 [notice] 40#40: exiting
2021/12/01 03:54:55 [notice] 32#32: gracefully shutting down
2021/12/01 03:54:55 [notice] 32#32: exiting
2021/12/01 03:54:55 [notice] 36#36: gracefully shutting down
2021/12/01 03:54:55 [notice] 36#36: exiting
2021/12/01 03:54:55 [notice] 39#39: gracefully shutting down
2021/12/01 03:54:55 [notice] 39#39: exiting
2021/12/01 03:54:55 [notice] 34#34: gracefully shutting down
2021/12/01 03:54:55 [notice] 34#34: exiting
2021/12/01 03:54:55 [notice] 37#37: exiting
2021/12/01 03:54:55 [notice] 40#40: APP_PROTECT { "event": "waf_disconnected", "enforcer_thread_id": 5, "worker_pid": 40, "mode": "operational", "mode_changed": false}
2021/12/01 03:54:55 [notice] 32#32: APP_PROTECT { "event": "waf_disconnected", "enforcer_thread_id": 0, "worker_pid": 32, "mode": "operational", "mode_changed": false}
2021/12/01 03:54:55 [notice] 36#36: APP_PROTECT { "event": "waf_disconnected", "enforcer_thread_id": 2, "worker_pid": 36, "mode": "operational", "mode_changed": false}
2021/12/01 03:54:55 [notice] 39#39: APP_PROTECT { "event": "waf_disconnected", "enforcer_thread_id": 4, "worker_pid": 39, "mode": "operational", "mode_changed": false}
2021/12/01 03:54:55 [notice] 34#34: APP_PROTECT { "event": "waf_disconnected", "enforcer_thread_id": 1, "worker_pid": 34, "mode": "operational", "mode_changed": false}
2021/12/01 03:54:55 [notice] 37#37: APP_PROTECT { "event": "waf_disconnected", "enforcer_thread_id": 3, "worker_pid": 37, "mode": "operational", "mode_changed": false}
2021/12/01 03:54:55 [notice] 34#34: exit
2021/12/01 03:54:55 [notice] 40#40: exit
2021/12/01 03:54:55 [notice] 32#32: exit
2021/12/01 03:54:55 [notice] 36#36: exit
2021/12/01 03:54:55 [notice] 39#39: exit
2021/12/01 03:54:55 [notice] 37#37: exit
2021/12/01 03:54:55 [notice] 14#14: signal 17 (SIGCHLD) received from 34
2021/12/01 03:54:55 [notice] 14#14: worker process 34 exited with code 0
2021/12/01 03:54:55 [notice] 14#14: signal 29 (SIGIO) received
2021/12/01 03:54:55 [notice] 14#14: signal 17 (SIGCHLD) received from 40
2021/12/01 03:54:55 [notice] 14#14: worker process 40 exited with code 0
2021/12/01 03:54:55 [notice] 14#14: signal 29 (SIGIO) received
2021/12/01 03:54:55 [notice] 14#14: signal 17 (SIGCHLD) received from 37
2021/12/01 03:54:55 [notice] 14#14: worker process 32 exited with code 0
2021/12/01 03:54:55 [notice] 14#14: worker process 36 exited with code 0
2021/12/01 03:54:55 [notice] 14#14: worker process 37 exited with code 0
2021/12/01 03:54:55 [notice] 14#14: signal 29 (SIGIO) received
2021/12/01 03:54:55 [notice] 14#14: signal 17 (SIGCHLD) received from 39
2021/12/01 03:54:55 [notice] 14#14: worker process 39 exited with code 0
2021/12/01 03:54:55 [notice] 14#14: signal 29 (SIGIO) received
2021/12/01 03:54:58 [error] 65#65: *15 no resolver defined to resolve boring, client: 172.20.0.1, server: , request: "GET / HTTP/1.1", host: "localhost"
2021/12/01 03:54:58 [error] 65#65: *15 no resolver defined to resolve boring, client: 172.20.0.1, server: , request: "GET /favicon.ico HTTP/1.1", host: "localhost", referrer: "http://localhost/"
2021/12/01 03:57:12 [emerg] 81#81: "http" directive is not allowed here in /etc/nginx/nap_test.conf:1
2021/12/01 03:59:15 [notice] 84#84: signal process started
2021/12/01 03:59:15 [notice] 14#14: signal 1 (SIGHUP) received from 84, reconfiguring
2021/12/01 03:59:15 [notice] 14#14: reconfiguring
2021/12/01 03:59:15 [notice] 14#14: APP_PROTECT { "event": "configuration_load_start", "configSetFile": "/opt/app_protect/config/config_set.json" }
2021/12/01 03:59:15 [notice] 14#14: APP_PROTECT policy 'app_protect_strict_policy' from: /etc/app_protect/conf/NginxStrictPolicy.json compiled successfully
2021/12/01 03:59:15 [notice] 14#14: APP_PROTECT policy 'app_protect_strict_policy' from: strict_policy compiled successfully
2021/12/01 03:59:15 [notice] 14#14: APP_PROTECT policy 'app_protect_default_policy' from: /etc/app_protect/conf/NginxDefaultPolicy.json compiled successfully
2021/12/01 03:59:15 [notice] 14#14: APP_PROTECT policy 'app_protect_default_policy' from: default_policy compiled successfully
2021/12/01 03:59:15 [notice] 14#14: APP_PROTECT { "event": "configuration_load_success", "software_version": "3.671.0", "user_signatures_packages":[],"completed_successfully":true,"threat_campaigns_package":{"revision_datetime":"2021-11-17T18:15:34Z","version":"2021.11.17"},"attack_signatures_package":{"revision_datetime":"2021-11-16T18:59:01Z","version":"2021.11.16"}}
2021/12/01 03:59:15 [notice] 14#14: using the "epoll" event method
2021/12/01 03:59:15 [notice] 14#14: start worker processes
2021/12/01 03:59:15 [notice] 14#14: start worker process 95
2021/12/01 03:59:15 [notice] 14#14: start worker process 96
2021/12/01 03:59:15 [notice] 14#14: start worker process 97
2021/12/01 03:59:15 [notice] 14#14: start worker process 98
2021/12/01 03:59:15 [notice] 14#14: start worker process 99
2021/12/01 03:59:15 [notice] 14#14: start worker process 100
2021/12/01 03:59:16 [notice] 95#95: APP_PROTECT { "event": "waf_connected", "enforcer_thread_id": 0, "worker_pid": 95, "mode": "operational", "mode_changed": false}
2021/12/01 03:59:16 [notice] 96#96: APP_PROTECT { "event": "waf_connected", "enforcer_thread_id": 1, "worker_pid": 96, "mode": "operational", "mode_changed": false}
2021/12/01 03:59:16 [notice] 97#97: APP_PROTECT { "event": "waf_connected", "enforcer_thread_id": 2, "worker_pid": 97, "mode": "operational", "mode_changed": false}
2021/12/01 03:59:16 [notice] 98#98: APP_PROTECT { "event": "waf_connected", "enforcer_thread_id": 3, "worker_pid": 98, "mode": "operational", "mode_changed": false}
2021/12/01 03:59:16 [notice] 99#99: APP_PROTECT { "event": "waf_connected", "enforcer_thread_id": 4, "worker_pid": 99, "mode": "operational", "mode_changed": false}
2021/12/01 03:59:16 [notice] 100#100: APP_PROTECT { "event": "waf_connected", "enforcer_thread_id": 5, "worker_pid": 100, "mode": "operational", "mode_changed": false}
2021/12/01 03:59:16 [notice] 14#14: signal 17 (SIGCHLD) received from 90
2021/12/01 03:59:16 [notice] 65#65: gracefully shutting down
2021/12/01 03:59:16 [notice] 65#65: exiting
2021/12/01 03:59:16 [notice] 66#66: gracefully shutting down
2021/12/01 03:59:16 [notice] 66#66: exiting
2021/12/01 03:59:16 [notice] 68#68: gracefully shutting down
2021/12/01 03:59:16 [notice] 68#68: exiting
2021/12/01 03:59:16 [notice] 67#67: gracefully shutting down
2021/12/01 03:59:16 [notice] 67#67: exiting
2021/12/01 03:59:16 [notice] 69#69: gracefully shutting down
2021/12/01 03:59:16 [notice] 69#69: exiting
2021/12/01 03:59:16 [notice] 70#70: gracefully shutting down
2021/12/01 03:59:16 [notice] 70#70: exiting
2021/12/01 03:59:16 [notice] 65#65: APP_PROTECT { "event": "waf_disconnected", "enforcer_thread_id": 6, "worker_pid": 65, "mode": "operational", "mode_changed": false}
2021/12/01 03:59:16 [notice] 66#66: APP_PROTECT { "event": "waf_disconnected", "enforcer_thread_id": 7, "worker_pid": 66, "mode": "operational", "mode_changed": false}
2021/12/01 03:59:16 [notice] 68#68: APP_PROTECT { "event": "waf_disconnected", "enforcer_thread_id": 9, "worker_pid": 68, "mode": "operational", "mode_changed": false}
2021/12/01 03:59:16 [notice] 67#67: APP_PROTECT { "event": "waf_disconnected", "enforcer_thread_id": 8, "worker_pid": 67, "mode": "operational", "mode_changed": false}
2021/12/01 03:59:16 [notice] 69#69: APP_PROTECT { "event": "waf_disconnected", "enforcer_thread_id": 10, "worker_pid": 69, "mode": "operational", "mode_changed": false}
2021/12/01 03:59:16 [notice] 67#67: exit
2021/12/01 03:59:16 [notice] 70#70: APP_PROTECT { "event": "waf_disconnected", "enforcer_thread_id": 11, "worker_pid": 70, "mode": "operational", "mode_changed": false}
2021/12/01 03:59:16 [notice] 69#69: exit
2021/12/01 03:59:16 [notice] 65#65: exit
2021/12/01 03:59:16 [notice] 66#66: exit
2021/12/01 03:59:16 [notice] 68#68: exit
2021/12/01 03:59:16 [notice] 70#70: exit
2021/12/01 03:59:16 [notice] 14#14: signal 17 (SIGCHLD) received from 69
2021/12/01 03:59:16 [notice] 14#14: worker process 67 exited with code 0
2021/12/01 03:59:16 [notice] 14#14: worker process 69 exited with code 0
2021/12/01 03:59:16 [notice] 14#14: signal 29 (SIGIO) received
2021/12/01 03:59:16 [notice] 14#14: signal 17 (SIGCHLD) received from 68
2021/12/01 03:59:16 [notice] 14#14: worker process 66 exited with code 0
2021/12/01 03:59:16 [notice] 14#14: worker process 68 exited with code 0
2021/12/01 03:59:16 [notice] 14#14: signal 29 (SIGIO) received
2021/12/01 03:59:16 [notice] 14#14: signal 17 (SIGCHLD) received from 70
2021/12/01 03:59:16 [notice] 14#14: worker process 65 exited with code 0
2021/12/01 03:59:16 [notice] 14#14: worker process 70 exited with code 0
2021/12/01 03:59:16 [notice] 14#14: signal 29 (SIGIO) received
2021/12/01 03:59:44 [error] 95#95: *24 no resolver defined to resolve boring, client: 172.20.0.1, server: , request: "GET / HTTP/1.1", host: "localhost"
2021/12/01 03:59:44 [error] 95#95: *24 no resolver defined to resolve boring, client: 172.20.0.1, server: , request: "GET /favicon.ico HTTP/1.1", host: "localhost", referrer: "http://localhost/"
2021/12/01 04:10:53 [notice] 113#113: signal process started
2021/12/01 04:10:53 [notice] 14#14: signal 1 (SIGHUP) received from 113, reconfiguring
2021/12/01 04:10:53 [notice] 14#14: reconfiguring
2021/12/01 04:10:53 [notice] 14#14: APP_PROTECT { "event": "configuration_load_start", "configSetFile": "/opt/app_protect/config/config_set.json" }
2021/12/01 04:10:53 [notice] 14#14: APP_PROTECT policy 'app_protect_strict_policy' from: /etc/app_protect/conf/NginxStrictPolicy.json compiled successfully
2021/12/01 04:10:53 [notice] 14#14: APP_PROTECT policy 'app_protect_strict_policy' from: strict_policy compiled successfully
2021/12/01 04:10:53 [notice] 14#14: APP_PROTECT policy 'app_protect_default_policy' from: /etc/app_protect/conf/NginxDefaultPolicy.json compiled successfully
2021/12/01 04:10:53 [notice] 14#14: APP_PROTECT policy 'app_protect_default_policy' from: default_policy compiled successfully
2021/12/01 04:10:53 [notice] 14#14: APP_PROTECT { "event": "configuration_load_success", "software_version": "3.671.0", "attack_signatures_package":{"version":"2021.11.16","revision_datetime":"2021-11-16T18:59:01Z"},"threat_campaigns_package":{"revision_datetime":"2021-11-17T18:15:34Z","version":"2021.11.17"},"user_signatures_packages":[],"completed_successfully":true}
2021/12/01 04:10:53 [notice] 14#14: using the "epoll" event method
2021/12/01 04:10:53 [notice] 14#14: start worker processes
2021/12/01 04:10:53 [notice] 14#14: start worker process 124
2021/12/01 04:10:53 [notice] 14#14: start worker process 125
2021/12/01 04:10:53 [notice] 14#14: start worker process 126
2021/12/01 04:10:53 [notice] 14#14: start worker process 127
2021/12/01 04:10:53 [notice] 14#14: start worker process 128
2021/12/01 04:10:53 [notice] 14#14: start worker process 129
2021/12/01 04:10:53 [notice] 124#124: APP_PROTECT { "event": "waf_connected", "enforcer_thread_id": 6, "worker_pid": 124, "mode": "operational", "mode_changed": false}
2021/12/01 04:10:53 [notice] 125#125: APP_PROTECT { "event": "waf_connected", "enforcer_thread_id": 7, "worker_pid": 125, "mode": "operational", "mode_changed": false}
2021/12/01 04:10:53 [notice] 126#126: APP_PROTECT { "event": "waf_connected", "enforcer_thread_id": 8, "worker_pid": 126, "mode": "operational", "mode_changed": false}
2021/12/01 04:10:53 [notice] 127#127: APP_PROTECT { "event": "waf_connected", "enforcer_thread_id": 9, "worker_pid": 127, "mode": "operational", "mode_changed": false}
2021/12/01 04:10:53 [notice] 128#128: APP_PROTECT { "event": "waf_connected", "enforcer_thread_id": 10, "worker_pid": 128, "mode": "operational", "mode_changed": false}
2021/12/01 04:10:53 [notice] 129#129: APP_PROTECT { "event": "waf_connected", "enforcer_thread_id": 11, "worker_pid": 129, "mode": "operational", "mode_changed": false}
2021/12/01 04:10:54 [notice] 95#95: gracefully shutting down
2021/12/01 04:10:54 [notice] 14#14: signal 17 (SIGCHLD) received from 119
2021/12/01 04:10:54 [notice] 95#95: exiting
2021/12/01 04:10:54 [notice] 96#96: gracefully shutting down
2021/12/01 04:10:54 [notice] 96#96: exiting
2021/12/01 04:10:54 [notice] 99#99: gracefully shutting down
2021/12/01 04:10:54 [notice] 99#99: exiting
2021/12/01 04:10:54 [notice] 97#97: gracefully shutting down
2021/12/01 04:10:54 [notice] 97#97: exiting
2021/12/01 04:10:54 [notice] 98#98: gracefully shutting down
2021/12/01 04:10:54 [notice] 98#98: exiting
2021/12/01 04:10:54 [notice] 100#100: gracefully shutting down
2021/12/01 04:10:54 [notice] 100#100: exiting
2021/12/01 04:10:54 [notice] 95#95: APP_PROTECT { "event": "waf_disconnected", "enforcer_thread_id": 0, "worker_pid": 95, "mode": "operational", "mode_changed": false}
2021/12/01 04:10:54 [notice] 96#96: APP_PROTECT { "event": "waf_disconnected", "enforcer_thread_id": 1, "worker_pid": 96, "mode": "operational", "mode_changed": false}
2021/12/01 04:10:54 [notice] 96#96: exit
2021/12/01 04:10:54 [notice] 99#99: APP_PROTECT { "event": "waf_disconnected", "enforcer_thread_id": 4, "worker_pid": 99, "mode": "operational", "mode_changed": false}
2021/12/01 04:10:54 [notice] 97#97: APP_PROTECT { "event": "waf_disconnected", "enforcer_thread_id": 2, "worker_pid": 97, "mode": "operational", "mode_changed": false}
2021/12/01 04:10:54 [notice] 98#98: APP_PROTECT { "event": "waf_disconnected", "enforcer_thread_id": 3, "worker_pid": 98, "mode": "operational", "mode_changed": false}
2021/12/01 04:10:54 [notice] 100#100: APP_PROTECT { "event": "waf_disconnected", "enforcer_thread_id": 5, "worker_pid": 100, "mode": "operational", "mode_changed": false}
2021/12/01 04:10:54 [notice] 95#95: exit
2021/12/01 04:10:54 [notice] 99#99: exit
2021/12/01 04:10:54 [notice] 97#97: exit
2021/12/01 04:10:54 [notice] 98#98: exit
2021/12/01 04:10:54 [notice] 100#100: exit
2021/12/01 04:10:54 [notice] 14#14: signal 17 (SIGCHLD) received from 96
2021/12/01 04:10:54 [notice] 14#14: worker process 96 exited with code 0
2021/12/01 04:10:54 [notice] 14#14: signal 29 (SIGIO) received
2021/12/01 04:10:54 [notice] 14#14: signal 17 (SIGCHLD) received from 95
2021/12/01 04:10:54 [notice] 14#14: worker process 95 exited with code 0
2021/12/01 04:10:54 [notice] 14#14: signal 29 (SIGIO) received
2021/12/01 04:10:54 [notice] 14#14: signal 17 (SIGCHLD) received from 99
2021/12/01 04:10:54 [notice] 14#14: worker process 99 exited with code 0
2021/12/01 04:10:54 [notice] 14#14: worker process 100 exited with code 0
2021/12/01 04:10:54 [notice] 14#14: signal 29 (SIGIO) received
2021/12/01 04:10:54 [notice] 14#14: signal 17 (SIGCHLD) received from 98
2021/12/01 04:10:54 [notice] 14#14: worker process 98 exited with code 0
2021/12/01 04:10:54 [notice] 14#14: signal 29 (SIGIO) received
2021/12/01 04:10:54 [notice] 14#14: signal 17 (SIGCHLD) received from 97
2021/12/01 04:10:54 [notice] 14#14: worker process 97 exited with code 0
2021/12/01 04:10:54 [notice] 14#14: signal 29 (SIGIO) received
2021/12/01 04:12:36 [error] 124#124: *40 no resolver defined to resolve boring, client: 172.20.0.1, server: , request: "GET /off HTTP/1.1", host: "localhost"
2021/12/01 04:13:19 [notice] 149#149: signal process started
2021/12/01 04:13:20 [notice] 14#14: signal 1 (SIGHUP) received from 149, reconfiguring
2021/12/01 04:13:20 [notice] 14#14: reconfiguring
2021/12/01 04:13:20 [notice] 14#14: APP_PROTECT { "event": "configuration_load_start", "configSetFile": "/opt/app_protect/config/config_set.json" }
2021/12/01 04:13:20 [notice] 14#14: APP_PROTECT policy 'app_protect_strict_policy' from: /etc/app_protect/conf/NginxStrictPolicy.json compiled successfully
2021/12/01 04:13:20 [notice] 14#14: APP_PROTECT policy 'app_protect_strict_policy' from: strict_policy compiled successfully
2021/12/01 04:13:20 [notice] 14#14: APP_PROTECT policy 'app_protect_default_policy' from: /etc/app_protect/conf/NginxDefaultPolicy.json compiled successfully
2021/12/01 04:13:20 [notice] 14#14: APP_PROTECT policy 'app_protect_default_policy' from: default_policy compiled successfully
2021/12/01 04:13:20 [notice] 14#14: APP_PROTECT { "event": "configuration_load_success", "software_version": "3.671.0", "threat_campaigns_package":{"revision_datetime":"2021-11-17T18:15:34Z","version":"2021.11.17"},"attack_signatures_package":{"version":"2021.11.16","revision_datetime":"2021-11-16T18:59:01Z"},"user_signatures_packages":[],"completed_successfully":true}
2021/12/01 04:13:20 [notice] 14#14: using the "epoll" event method
2021/12/01 04:13:20 [notice] 14#14: start worker processes
2021/12/01 04:13:20 [notice] 14#14: start worker process 160
2021/12/01 04:13:20 [notice] 14#14: start worker process 161
2021/12/01 04:13:20 [notice] 14#14: start worker process 163
2021/12/01 04:13:20 [notice] 160#160: APP_PROTECT { "event": "waf_connected", "enforcer_thread_id": 0, "worker_pid": 160, "mode": "operational", "mode_changed": false}
2021/12/01 04:13:20 [notice] 161#161: APP_PROTECT { "event": "waf_connected", "enforcer_thread_id": 1, "worker_pid": 161, "mode": "operational", "mode_changed": false}
2021/12/01 04:13:20 [notice] 14#14: start worker process 165
2021/12/01 04:13:20 [notice] 163#163: APP_PROTECT { "event": "waf_connected", "enforcer_thread_id": 2, "worker_pid": 163, "mode": "operational", "mode_changed": false}
2021/12/01 04:13:20 [notice] 14#14: start worker process 168
2021/12/01 04:13:20 [notice] 14#14: start worker process 169
2021/12/01 04:13:20 [notice] 165#165: APP_PROTECT { "event": "waf_connected", "enforcer_thread_id": 3, "worker_pid": 165, "mode": "operational", "mode_changed": false}
2021/12/01 04:13:20 [notice] 168#168: APP_PROTECT { "event": "waf_connected", "enforcer_thread_id": 4, "worker_pid": 168, "mode": "operational", "mode_changed": false}
2021/12/01 04:13:20 [notice] 169#169: APP_PROTECT { "event": "waf_connected", "enforcer_thread_id": 5, "worker_pid": 169, "mode": "operational", "mode_changed": false}
2021/12/01 04:13:20 [notice] 126#126: gracefully shutting down
2021/12/01 04:13:20 [notice] 126#126: exiting
2021/12/01 04:13:20 [notice] 14#14: signal 17 (SIGCHLD) received from 155
2021/12/01 04:13:20 [notice] 127#127: gracefully shutting down
2021/12/01 04:13:20 [notice] 127#127: exiting
2021/12/01 04:13:20 [notice] 128#128: gracefully shutting down
2021/12/01 04:13:20 [notice] 128#128: exiting
2021/12/01 04:13:20 [notice] 125#125: gracefully shutting down
2021/12/01 04:13:20 [notice] 125#125: exiting
2021/12/01 04:13:20 [notice] 129#129: gracefully shutting down
2021/12/01 04:13:20 [notice] 124#124: gracefully shutting down
2021/12/01 04:13:20 [notice] 126#126: APP_PROTECT { "event": "waf_disconnected", "enforcer_thread_id": 8, "worker_pid": 126, "mode": "operational", "mode_changed": false}
2021/12/01 04:13:20 [notice] 127#127: APP_PROTECT { "event": "waf_disconnected", "enforcer_thread_id": 9, "worker_pid": 127, "mode": "operational", "mode_changed": false}
2021/12/01 04:13:20 [notice] 128#128: APP_PROTECT { "event": "waf_disconnected", "enforcer_thread_id": 10, "worker_pid": 128, "mode": "operational", "mode_changed": false}
2021/12/01 04:13:20 [notice] 125#125: APP_PROTECT { "event": "waf_disconnected", "enforcer_thread_id": 7, "worker_pid": 125, "mode": "operational", "mode_changed": false}
2021/12/01 04:13:20 [notice] 125#125: exit
2021/12/01 04:13:20 [notice] 129#129: exiting
2021/12/01 04:13:20 [notice] 129#129: APP_PROTECT { "event": "waf_disconnected", "enforcer_thread_id": 11, "worker_pid": 129, "mode": "operational", "mode_changed": false}
2021/12/01 04:13:20 [notice] 126#126: exit
2021/12/01 04:13:20 [notice] 127#127: exit
2021/12/01 04:13:20 [notice] 128#128: exit
2021/12/01 04:13:20 [notice] 129#129: exit
2021/12/01 04:13:20 [notice] 14#14: signal 17 (SIGCHLD) received from 128
2021/12/01 04:13:20 [notice] 14#14: worker process 128 exited with code 0
2021/12/01 04:13:20 [notice] 14#14: signal 29 (SIGIO) received
2021/12/01 04:13:20 [notice] 14#14: signal 17 (SIGCHLD) received from 125
2021/12/01 04:13:20 [notice] 14#14: worker process 125 exited with code 0
2021/12/01 04:13:20 [notice] 14#14: worker process 127 exited with code 0
2021/12/01 04:13:20 [notice] 14#14: worker process 129 exited with code 0
2021/12/01 04:13:20 [notice] 14#14: signal 29 (SIGIO) received
2021/12/01 04:13:20 [notice] 14#14: signal 17 (SIGCHLD) received from 129
2021/12/01 04:13:20 [notice] 14#14: worker process 126 exited with code 0
2021/12/01 04:13:20 [notice] 14#14: signal 29 (SIGIO) received
2021/12/01 04:13:22 [error] 124#124: *39 no resolver defined to resolve boring, client: 172.20.0.1, server: , request: "GET /off HTTP/1.1", host: "localhost"
2021/12/01 04:13:22 [notice] 124#124: exiting
2021/12/01 04:13:22 [notice] 124#124: APP_PROTECT { "event": "waf_disconnected", "enforcer_thread_id": 6, "worker_pid": 124, "mode": "operational", "mode_changed": false}
2021/12/01 04:13:22 [notice] 124#124: exit
2021/12/01 04:13:22 [notice] 14#14: signal 17 (SIGCHLD) received from 124
2021/12/01 04:13:22 [notice] 14#14: worker process 124 exited with code 0
2021/12/01 04:13:22 [notice] 14#14: signal 29 (SIGIO) received
2021/12/01 04:17:28 [notice] 16#16: APP_PROTECT { "event": "configuration_load_start", "configSetFile": "/opt/app_protect/config/config_set.json" }
2021/12/01 04:17:28 [notice] 16#16: APP_PROTECT policy 'app_protect_default_policy' from: /etc/app_protect/conf/NginxDefaultPolicy.json compiled successfully
2021/12/01 04:17:28 [notice] 16#16: APP_PROTECT policy 'app_protect_default_policy' from: default_policy compiled successfully
2021/12/01 04:17:28 [notice] 16#16: APP_PROTECT policy 'app_protect_strict_policy' from: /etc/app_protect/conf/NginxStrictPolicy.json compiled successfully
2021/12/01 04:17:28 [notice] 16#16: APP_PROTECT policy 'app_protect_strict_policy' from: strict_policy compiled successfully
2021/12/01 04:17:28 [notice] 16#16: APP_PROTECT { "event": "configuration_load_success", "software_version": "3.671.0", "user_signatures_packages":[],"threat_campaigns_package":{"version":"2021.11.17","revision_datetime":"2021-11-17T18:15:34Z"},"completed_successfully":true,"attack_signatures_package":{"revision_datetime":"2021-11-16T18:59:01Z","version":"2021.11.16"}}
2021/12/01 04:17:28 [notice] 16#16: using the "epoll" event method
2021/12/01 04:17:28 [notice] 16#16: nginx/1.21.3 (nginx-plus-r25)
2021/12/01 04:17:28 [notice] 16#16: built by gcc 7.5.0 (Ubuntu 7.5.0-3ubuntu1~18.04) 
2021/12/01 04:17:28 [notice] 16#16: OS: Linux 5.10.47-linuxkit
2021/12/01 04:17:28 [notice] 16#16: getrlimit(RLIMIT_NOFILE): 1048576:1048576
2021/12/01 04:17:28 [notice] 16#16: start worker processes
2021/12/01 04:17:28 [notice] 16#16: start worker process 34
2021/12/01 04:17:28 [notice] 16#16: start worker process 36
2021/12/01 04:17:28 [notice] 16#16: start worker process 38
2021/12/01 04:17:28 [notice] 16#16: start worker process 39
2021/12/01 04:17:48 [notice] 34#34: APP_PROTECT { "event": "waf_connected", "enforcer_thread_id": 0, "worker_pid": 34, "mode": "operational", "mode_changed": false}
2021/12/01 04:17:28 [notice] 16#16: start worker process 41
2021/12/01 04:17:28 [notice] 16#16: start worker process 42
2021/12/01 04:17:48 [notice] 36#36: APP_PROTECT { "event": "waf_connected", "enforcer_thread_id": 1, "worker_pid": 36, "mode": "operational", "mode_changed": false}
2021/12/01 04:17:48 [notice] 38#38: APP_PROTECT { "event": "waf_connected", "enforcer_thread_id": 2, "worker_pid": 38, "mode": "operational", "mode_changed": false}
2021/12/01 04:17:48 [notice] 39#39: APP_PROTECT { "event": "waf_connected", "enforcer_thread_id": 3, "worker_pid": 39, "mode": "operational", "mode_changed": false}
2021/12/01 04:17:48 [notice] 41#41: APP_PROTECT { "event": "waf_connected", "enforcer_thread_id": 4, "worker_pid": 41, "mode": "operational", "mode_changed": false}
2021/12/01 04:17:48 [notice] 42#42: APP_PROTECT { "event": "waf_connected", "enforcer_thread_id": 5, "worker_pid": 42, "mode": "operational", "mode_changed": false}
